app/build/intermediates/manifest_merge_blame_file/debug/processDebugMainManifest/manifest-merger-blame-debug-report.txt
1<?xml version="1.0" encoding="utf-8"?>
2<manifest xmlns:android="http://schemas.android.com/apk/res/android"
3    package="com.epson.epos2_printer"
4    android:versionCode="1"
5    android:versionName="1.0" >
6
7    <uses-sdk
8        android:minSdkVersion="19"
9        android:targetSdkVersion="28" />
10
11    <uses-permission android:name="android.permission.BLUETOOTH" />
11-->src/main/AndroidManifest.xml:5:5-67
11-->src/main/AndroidManifest.xml:5:22-65
12    <uses-permission android:name="android.permission.BLUETOOTH_ADMIN" />
12-->src/main/AndroidManifest.xml:6:5-73
12-->src/main/AndroidManifest.xml:6:22-71
13    <uses-permission android:name="android.permission.INTERNET" />
13-->src/main/AndroidManifest.xml:7:5-66
13-->src/main/AndroidManifest.xml:7:22-64
14    <uses-permission android:name="android.permission.WRITE_EXTERNAL_STORAGE" />
14-->src/main/AndroidManifest.xml:8:5-80
14-->src/main/AndroidManifest.xml:8:22-78
15    <uses-permission android:name="android.permission.ACCESS_COARSE_LOCATION" />
15-->src/main/AndroidManifest.xml:9:5-80
15-->src/main/AndroidManifest.xml:9:22-78
16
17    <application
17-->src/main/AndroidManifest.xml:11:5-35:19
18        android:name="com.epson.epos2_printer.App"
18-->src/main/AndroidManifest.xml:15:9-28
19        android:allowBackup="true"
19-->src/main/AndroidManifest.xml:12:9-35
20        android:debuggable="true"
21        android:extractNativeLibs="true"
22        android:icon="@mipmap/ic_launcher"
22-->src/main/AndroidManifest.xml:13:9-43
23        android:label="@string/app_name"
23-->src/main/AndroidManifest.xml:14:9-41
24        android:testOnly="true"
25        android:theme="@style/AppTheme" >
25-->src/main/AndroidManifest.xml:16:9-40
26        <activity
26-->src/main/AndroidManifest.xml:17:9-29:20
27            android:name="com.epson.epos2_printer.MainActivity"
27-->src/main/AndroidManifest.xml:18:13-41
28            android:label="@string/app_title"
28-->src/main/AndroidManifest.xml:19:13-46
29            android:screenOrientation="portrait" >
29-->src/main/AndroidManifest.xml:20:13-49
30            <intent-filter>
30-->src/main/AndroidManifest.xml:21:13-26:29
31                <action android:name="android.hardware.usb.action.USB_DEVICE_ATTACHED" />
31-->src/main/AndroidManifest.xml:22:17-90
31-->src/main/AndroidManifest.xml:22:25-87
32                <action android:name="android.intent.action.MAIN" />
32-->src/main/AndroidManifest.xml:23:17-69
32-->src/main/AndroidManifest.xml:23:25-66
33
34                <category android:name="android.intent.category.LAUNCHER" />
34-->src/main/AndroidManifest.xml:25:17-77
34-->src/main/AndroidManifest.xml:25:27-74
35            </intent-filter>
36
37            <meta-data
37-->src/main/AndroidManifest.xml:27:13-28:57
38                android:name="android.hardware.usb.action.USB_DEVICE_ATTACHED"
38-->src/main/AndroidManifest.xml:27:24-86
39                android:resource="@xml/device_filter" />
39-->src/main/AndroidManifest.xml:28:17-54
40        </activity>
41        <activity
41-->src/main/AndroidManifest.xml:30:9-34:20
42            android:name="com.epson.epos2_printer.printer.DiscoveryActivity"
42-->src/main/AndroidManifest.xml:31:13-54
43            android:label="@string/app_title"
43-->src/main/AndroidManifest.xml:32:13-46
44            android:screenOrientation="portrait" >
44-->src/main/AndroidManifest.xml:33:13-49
45        </activity>
46    </application>
47
48</manifest>